<?xml version="1.0" encoding="UTF-8"?>
<!-- Generated by org.testng.reporters.JUnitReportReporter -->
<testsuite hostname="badabeeddcc303980334cfcbfcbfdaaone-0" failures="0" tests="1" name="testcases.Testcase1" time="8.100" errors="0" timestamp="2023-08-11T10:01:05 UTC" skipped="0">
  <testcase classname="testcases.Testcase1" name="Register" time="8.100"/>
</testsuite> <!-- testcases.Testcase1 -->
